c:\temp\p4 workspace\knoy313-p4-workspace\cgt521\template\debug\vc140.pdb
c:\temp\p4 workspace\knoy313-p4-workspace\cgt521\template\debug\vc140.idb
c:\temp\p4 workspace\knoy313-p4-workspace\cgt521\template\debug\imgui.obj
c:\temp\p4 workspace\knoy313-p4-workspace\cgt521\template\debug\imgui_demo.obj
c:\temp\p4 workspace\knoy313-p4-workspace\cgt521\template\debug\imgui_draw.obj
c:\temp\p4 workspace\knoy313-p4-workspace\cgt521\template\debug\imgui_impl_glut.obj
c:\temp\p4 workspace\knoy313-p4-workspace\cgt521\template\debug\initshader.obj
c:\temp\p4 workspace\knoy313-p4-workspace\cgt521\template\debug\loadmesh.obj
c:\temp\p4 workspace\knoy313-p4-workspace\cgt521\template\debug\loadtexture.obj
c:\temp\p4 workspace\knoy313-p4-workspace\cgt521\template\debug\imgui demo.obj
c:\temp\p4 workspace\knoy313-p4-workspace\cgt521\debug\template.ilk
c:\temp\p4 workspace\knoy313-p4-workspace\cgt521\debug\template.exe
c:\temp\p4 workspace\knoy313-p4-workspace\cgt521\debug\template.pdb
v:\personal\visual studio 2015\projects\cgt521\template\debug\imgui demo.obj
v:\personal\visual studio 2015\projects\cgt521\template\debug\imgui.obj
v:\personal\visual studio 2015\projects\cgt521\template\debug\imgui_demo.obj
v:\personal\visual studio 2015\projects\cgt521\template\debug\imgui_draw.obj
v:\personal\visual studio 2015\projects\cgt521\template\debug\imgui_impl_glut.obj
v:\personal\visual studio 2015\projects\cgt521\template\debug\initshader.obj
v:\personal\visual studio 2015\projects\cgt521\template\debug\loadmesh.obj
v:\personal\visual studio 2015\projects\cgt521\template\debug\loadtexture.obj
v:\personal\visual studio 2015\projects\cgt521\template\debug\vc140.idb
v:\personal\visual studio 2015\projects\cgt521\template\debug\vc140.pdb
v:\personal\visual studio 2015\projects\cgt521\debug\template.pdb
v:\personal\visual studio 2015\projects\cgt521\debug\template.exe
v:\personal\visual studio 2015\projects\cgt521\debug\template.ilk
v:\personal\visual studio 2015\projects\cgt521\template\debug\template.tlog\cl.command.1.tlog
v:\personal\visual studio 2015\projects\cgt521\template\debug\template.tlog\cl.read.1.tlog
v:\personal\visual studio 2015\projects\cgt521\template\debug\template.tlog\cl.write.1.tlog
v:\personal\visual studio 2015\projects\cgt521\template\debug\template.tlog\link.command.1.tlog
v:\personal\visual studio 2015\projects\cgt521\template\debug\template.tlog\link.read.1.tlog
v:\personal\visual studio 2015\projects\cgt521\template\debug\template.tlog\link.write.1.tlog
